cpu-bind=MASK - isola-2080ti-2, task  0  0 [2029810]: mask 0x300003 set
========================================
Array task 6: train_dist=logit_normal seed=1
========================================
init model
load MNIST
training for 100 epochs using logit_normal distribution with conditioning=none
log training metrics to: logs/metrics/metrics_logit_normal_mu_0.0_sigma_1.0_seed1.jsonl
Epoch 1/100 | Loss: 0.3470 | Time: 37.78s
Epoch 2/100 | Loss: 0.1865 | Time: 24.08s
Epoch 3/100 | Loss: 0.1782 | Time: 24.03s
Epoch 4/100 | Loss: 0.1763 | Time: 24.35s
Epoch 5/100 | Loss: 0.1710 | Time: 24.05s
Epoch 6/100 | Loss: 0.1696 | Time: 24.07s
Epoch 7/100 | Loss: 0.1669 | Time: 24.39s
Epoch 8/100 | Loss: 0.1657 | Time: 24.06s
Epoch 9/100 | Loss: 0.1644 | Time: 24.34s
Epoch 10/100 | Loss: 0.1635 | Time: 24.18s

Exporting eval images for epoch 10
Exported samples for uniform into eval_runs/logit_normal_mu_0.0_sigma_1.0_seed1/epoch_10/uniform
Exported samples for shifted_coarse into eval_runs/logit_normal_mu_0.0_sigma_1.0_seed1/epoch_10/shifted_coarse
Exported samples for shifted_fine into eval_runs/logit_normal_mu_0.0_sigma_1.0_seed1/epoch_10/shifted_fine
Exported samples for logit_normal into eval_runs/logit_normal_mu_0.0_sigma_1.0_seed1/epoch_10/logit_normal
-----------------------------------------
Saved checkpoint to checkpoints/logit_normal_mu_0.0_sigma_1.0_seed1_epoch_10.eqx
Epoch 11/100 | Loss: 0.1622 | Time: 24.15s
Epoch 12/100 | Loss: 0.1608 | Time: 23.99s
Epoch 13/100 | Loss: 0.1603 | Time: 24.32s
Epoch 14/100 | Loss: 0.1602 | Time: 23.99s
Epoch 15/100 | Loss: 0.1605 | Time: 24.29s
Epoch 16/100 | Loss: 0.1576 | Time: 24.09s
Epoch 17/100 | Loss: 0.1578 | Time: 24.03s
Epoch 18/100 | Loss: 0.1571 | Time: 24.28s
Epoch 19/100 | Loss: 0.1570 | Time: 24.16s
Epoch 20/100 | Loss: 0.1565 | Time: 24.33s

Exporting eval images for epoch 20
Exported samples for uniform into eval_runs/logit_normal_mu_0.0_sigma_1.0_seed1/epoch_20/uniform
Exported samples for shifted_coarse into eval_runs/logit_normal_mu_0.0_sigma_1.0_seed1/epoch_20/shifted_coarse
Exported samples for shifted_fine into eval_runs/logit_normal_mu_0.0_sigma_1.0_seed1/epoch_20/shifted_fine
Exported samples for logit_normal into eval_runs/logit_normal_mu_0.0_sigma_1.0_seed1/epoch_20/logit_normal
-----------------------------------------
Saved checkpoint to checkpoints/logit_normal_mu_0.0_sigma_1.0_seed1_epoch_20.eqx
Epoch 21/100 | Loss: 0.1561 | Time: 23.97s
Epoch 22/100 | Loss: 0.1568 | Time: 24.32s
Epoch 23/100 | Loss: 0.1551 | Time: 24.00s
Epoch 24/100 | Loss: 0.1546 | Time: 24.28s
Epoch 25/100 | Loss: 0.1545 | Time: 24.08s
Epoch 26/100 | Loss: 0.1548 | Time: 24.03s
Epoch 27/100 | Loss: 0.1530 | Time: 24.30s
Epoch 28/100 | Loss: 0.1541 | Time: 24.13s
Epoch 29/100 | Loss: 0.1530 | Time: 24.25s
Epoch 30/100 | Loss: 0.1535 | Time: 24.07s

Exporting eval images for epoch 30
Exported samples for uniform into eval_runs/logit_normal_mu_0.0_sigma_1.0_seed1/epoch_30/uniform
Exported samples for shifted_coarse into eval_runs/logit_normal_mu_0.0_sigma_1.0_seed1/epoch_30/shifted_coarse
Exported samples for shifted_fine into eval_runs/logit_normal_mu_0.0_sigma_1.0_seed1/epoch_30/shifted_fine
Exported samples for logit_normal into eval_runs/logit_normal_mu_0.0_sigma_1.0_seed1/epoch_30/logit_normal
-----------------------------------------
Saved checkpoint to checkpoints/logit_normal_mu_0.0_sigma_1.0_seed1_epoch_30.eqx
Epoch 31/100 | Loss: 0.1530 | Time: 24.30s
Epoch 32/100 | Loss: 0.1525 | Time: 23.90s
Epoch 33/100 | Loss: 0.1524 | Time: 23.66s
Epoch 34/100 | Loss: 0.1527 | Time: 24.42s
Epoch 35/100 | Loss: 0.1519 | Time: 23.96s
Epoch 36/100 | Loss: 0.1521 | Time: 24.20s
Epoch 37/100 | Loss: 0.1516 | Time: 24.05s
Epoch 38/100 | Loss: 0.1511 | Time: 24.25s
Epoch 39/100 | Loss: 0.1516 | Time: 23.96s
Epoch 40/100 | Loss: 0.1512 | Time: 24.21s

Exporting eval images for epoch 40
Exported samples for uniform into eval_runs/logit_normal_mu_0.0_sigma_1.0_seed1/epoch_40/uniform
Exported samples for shifted_coarse into eval_runs/logit_normal_mu_0.0_sigma_1.0_seed1/epoch_40/shifted_coarse
Exported samples for shifted_fine into eval_runs/logit_normal_mu_0.0_sigma_1.0_seed1/epoch_40/shifted_fine
Exported samples for logit_normal into eval_runs/logit_normal_mu_0.0_sigma_1.0_seed1/epoch_40/logit_normal
-----------------------------------------
Saved checkpoint to checkpoints/logit_normal_mu_0.0_sigma_1.0_seed1_epoch_40.eqx
Epoch 41/100 | Loss: 0.1514 | Time: 23.92s
Epoch 42/100 | Loss: 0.1511 | Time: 23.99s
Epoch 43/100 | Loss: 0.1501 | Time: 24.32s
Epoch 44/100 | Loss: 0.1505 | Time: 24.02s
Epoch 45/100 | Loss: 0.1499 | Time: 24.32s
Epoch 46/100 | Loss: 0.1511 | Time: 24.10s
Epoch 47/100 | Loss: 0.1498 | Time: 24.24s
Epoch 48/100 | Loss: 0.1500 | Time: 24.06s
Epoch 49/100 | Loss: 0.1495 | Time: 24.11s
Epoch 50/100 | Loss: 0.1502 | Time: 24.35s

Exporting eval images for epoch 50
Exported samples for uniform into eval_runs/logit_normal_mu_0.0_sigma_1.0_seed1/epoch_50/uniform
Exported samples for shifted_coarse into eval_runs/logit_normal_mu_0.0_sigma_1.0_seed1/epoch_50/shifted_coarse
Exported samples for shifted_fine into eval_runs/logit_normal_mu_0.0_sigma_1.0_seed1/epoch_50/shifted_fine
Exported samples for logit_normal into eval_runs/logit_normal_mu_0.0_sigma_1.0_seed1/epoch_50/logit_normal
-----------------------------------------
Saved checkpoint to checkpoints/logit_normal_mu_0.0_sigma_1.0_seed1_epoch_50.eqx
Epoch 51/100 | Loss: 0.1503 | Time: 23.95s
Epoch 52/100 | Loss: 0.1490 | Time: 24.31s
Epoch 53/100 | Loss: 0.1497 | Time: 24.02s
Epoch 54/100 | Loss: 0.1504 | Time: 24.29s
Epoch 55/100 | Loss: 0.1497 | Time: 24.13s
Epoch 56/100 | Loss: 0.1490 | Time: 24.30s
Epoch 57/100 | Loss: 0.1497 | Time: 24.06s
Epoch 58/100 | Loss: 0.1492 | Time: 24.13s
Epoch 59/100 | Loss: 0.1486 | Time: 24.31s
Epoch 60/100 | Loss: 0.1489 | Time: 24.11s

Exporting eval images for epoch 60
Exported samples for uniform into eval_runs/logit_normal_mu_0.0_sigma_1.0_seed1/epoch_60/uniform
Exported samples for shifted_coarse into eval_runs/logit_normal_mu_0.0_sigma_1.0_seed1/epoch_60/shifted_coarse
Exported samples for shifted_fine into eval_runs/logit_normal_mu_0.0_sigma_1.0_seed1/epoch_60/shifted_fine
Exported samples for logit_normal into eval_runs/logit_normal_mu_0.0_sigma_1.0_seed1/epoch_60/logit_normal
-----------------------------------------
Saved checkpoint to checkpoints/logit_normal_mu_0.0_sigma_1.0_seed1_epoch_60.eqx
Epoch 61/100 | Loss: 0.1489 | Time: 24.37s
Epoch 62/100 | Loss: 0.1487 | Time: 23.95s
Epoch 63/100 | Loss: 0.1487 | Time: 24.37s
Epoch 64/100 | Loss: 0.1482 | Time: 24.11s
Epoch 65/100 | Loss: 0.1484 | Time: 24.06s
Epoch 66/100 | Loss: 0.1482 | Time: 24.30s
Epoch 67/100 | Loss: 0.1476 | Time: 24.11s
Epoch 68/100 | Loss: 0.1484 | Time: 24.28s
Epoch 69/100 | Loss: 0.1487 | Time: 24.13s
Epoch 70/100 | Loss: 0.1485 | Time: 24.39s

Exporting eval images for epoch 70
Exported samples for uniform into eval_runs/logit_normal_mu_0.0_sigma_1.0_seed1/epoch_70/uniform
Exported samples for shifted_coarse into eval_runs/logit_normal_mu_0.0_sigma_1.0_seed1/epoch_70/shifted_coarse
Exported samples for shifted_fine into eval_runs/logit_normal_mu_0.0_sigma_1.0_seed1/epoch_70/shifted_fine
Exported samples for logit_normal into eval_runs/logit_normal_mu_0.0_sigma_1.0_seed1/epoch_70/logit_normal
-----------------------------------------
Saved checkpoint to checkpoints/logit_normal_mu_0.0_sigma_1.0_seed1_epoch_70.eqx
Epoch 71/100 | Loss: 0.1482 | Time: 23.97s
Epoch 72/100 | Loss: 0.1475 | Time: 24.26s
Epoch 73/100 | Loss: 0.1472 | Time: 24.13s
Epoch 74/100 | Loss: 0.1472 | Time: 24.05s
Epoch 75/100 | Loss: 0.1470 | Time: 24.30s
Epoch 76/100 | Loss: 0.1479 | Time: 24.13s
Epoch 77/100 | Loss: 0.1475 | Time: 24.30s
Epoch 78/100 | Loss: 0.1486 | Time: 24.12s
Epoch 79/100 | Loss: 0.1480 | Time: 24.36s
Epoch 80/100 | Loss: 0.1474 | Time: 24.07s

Exporting eval images for epoch 80
Exported samples for uniform into eval_runs/logit_normal_mu_0.0_sigma_1.0_seed1/epoch_80/uniform
Exported samples for shifted_coarse into eval_runs/logit_normal_mu_0.0_sigma_1.0_seed1/epoch_80/shifted_coarse
Exported samples for shifted_fine into eval_runs/logit_normal_mu_0.0_sigma_1.0_seed1/epoch_80/shifted_fine
Exported samples for logit_normal into eval_runs/logit_normal_mu_0.0_sigma_1.0_seed1/epoch_80/logit_normal
-----------------------------------------
Saved checkpoint to checkpoints/logit_normal_mu_0.0_sigma_1.0_seed1_epoch_80.eqx
Epoch 81/100 | Loss: 0.1475 | Time: 23.89s
Epoch 82/100 | Loss: 0.1472 | Time: 24.40s
Epoch 83/100 | Loss: 0.1471 | Time: 24.01s
Epoch 84/100 | Loss: 0.1476 | Time: 24.29s
Epoch 85/100 | Loss: 0.1474 | Time: 24.13s
Epoch 86/100 | Loss: 0.1471 | Time: 24.26s
Epoch 87/100 | Loss: 0.1472 | Time: 24.09s
Epoch 88/100 | Loss: 0.1479 | Time: 24.43s
Epoch 89/100 | Loss: 0.1467 | Time: 24.12s
Epoch 90/100 | Loss: 0.1468 | Time: 24.14s

Exporting eval images for epoch 90
Exported samples for uniform into eval_runs/logit_normal_mu_0.0_sigma_1.0_seed1/epoch_90/uniform
Exported samples for shifted_coarse into eval_runs/logit_normal_mu_0.0_sigma_1.0_seed1/epoch_90/shifted_coarse
Exported samples for shifted_fine into eval_runs/logit_normal_mu_0.0_sigma_1.0_seed1/epoch_90/shifted_fine
Exported samples for logit_normal into eval_runs/logit_normal_mu_0.0_sigma_1.0_seed1/epoch_90/logit_normal
-----------------------------------------
Saved checkpoint to checkpoints/logit_normal_mu_0.0_sigma_1.0_seed1_epoch_90.eqx
Epoch 91/100 | Loss: 0.1466 | Time: 24.31s
Epoch 92/100 | Loss: 0.1463 | Time: 24.01s
Epoch 93/100 | Loss: 0.1468 | Time: 24.22s
Epoch 94/100 | Loss: 0.1471 | Time: 24.05s
Epoch 95/100 | Loss: 0.1466 | Time: 24.23s
Epoch 96/100 | Loss: 0.1464 | Time: 24.04s
Epoch 97/100 | Loss: 0.1472 | Time: 24.04s
Epoch 98/100 | Loss: 0.1471 | Time: 24.31s
Epoch 99/100 | Loss: 0.1464 | Time: 24.10s
Epoch 100/100 | Loss: 0.1464 | Time: 24.44s

Exporting eval images for epoch 100
Exported samples for uniform into eval_runs/logit_normal_mu_0.0_sigma_1.0_seed1/epoch_100/uniform
Exported samples for shifted_coarse into eval_runs/logit_normal_mu_0.0_sigma_1.0_seed1/epoch_100/shifted_coarse
Exported samples for shifted_fine into eval_runs/logit_normal_mu_0.0_sigma_1.0_seed1/epoch_100/shifted_fine
Exported samples for logit_normal into eval_runs/logit_normal_mu_0.0_sigma_1.0_seed1/epoch_100/logit_normal
-----------------------------------------
Saved checkpoint to checkpoints/logit_normal_mu_0.0_sigma_1.0_seed1_epoch_100.eqx

========================================
Array task 6 (logit_normal seed 1) complete.
Once ALL 10 array tasks finish, run evaluate_fid.py separately -- see
run_exp1_eval.sh (submit with --dependency=afterok:<this array job's ID>).
========================================
