cpu-bind=MASK - inspector-gadget.drl, task  0  0 [3854386]: mask 0x30000000003 set
========================================
Array task 0: train_dist=uniform seed=0
========================================
init model
load MNIST
WARNING: All log messages before absl::InitializeLog() is called are written to STDERR
I0000 00:00:1783926419.299133 3854403 port.cc:153] oneDNN custom operations are on. You may see slightly different numerical results due to floating-point round-off errors from different computation orders. To turn them off, set the environment variable `TF_ENABLE_ONEDNN_OPTS=0`.
WARNING: All log messages before absl::InitializeLog() is called are written to STDERR
I0000 00:00:1783926422.797114 3854403 port.cc:153] oneDNN custom operations are on. You may see slightly different numerical results due to floating-point round-off errors from different computation orders. To turn them off, set the environment variable `TF_ENABLE_ONEDNN_OPTS=0`.
training for 100 epochs using uniform distribution with conditioning=none
log training metrics to: logs/metrics/metrics_uniform_seed0.jsonl
Epoch 1/100 | Loss: 0.6188 | Time: 32.34s
Epoch 2/100 | Loss: 0.2040 | Time: 24.69s
Epoch 3/100 | Loss: 0.1956 | Time: 24.71s
Epoch 4/100 | Loss: 0.1918 | Time: 24.81s
Epoch 5/100 | Loss: 0.1888 | Time: 25.00s
Epoch 6/100 | Loss: 0.1863 | Time: 24.88s
Epoch 7/100 | Loss: 0.1867 | Time: 25.05s
Epoch 8/100 | Loss: 0.1824 | Time: 24.79s
Epoch 9/100 | Loss: 0.1816 | Time: 25.01s
Epoch 10/100 | Loss: 0.1802 | Time: 24.88s

Exporting eval images for epoch 10
Exported samples for uniform into eval_runs/uniform_seed0/epoch_10/uniform
Exported samples for shifted_coarse into eval_runs/uniform_seed0/epoch_10/shifted_coarse
Exported samples for shifted_fine into eval_runs/uniform_seed0/epoch_10/shifted_fine
Exported samples for logit_normal into eval_runs/uniform_seed0/epoch_10/logit_normal
-----------------------------------------
Saved checkpoint to checkpoints/uniform_seed0_epoch_10.eqx
Epoch 11/100 | Loss: 0.1808 | Time: 25.00s
Epoch 12/100 | Loss: 0.1781 | Time: 24.79s
Epoch 13/100 | Loss: 0.1783 | Time: 25.04s
Epoch 14/100 | Loss: 0.1784 | Time: 24.76s
Epoch 15/100 | Loss: 0.1763 | Time: 24.98s
Epoch 16/100 | Loss: 0.1763 | Time: 24.84s
Epoch 17/100 | Loss: 0.1739 | Time: 24.75s
Epoch 18/100 | Loss: 0.1748 | Time: 24.98s
Epoch 19/100 | Loss: 0.1736 | Time: 24.84s
Epoch 20/100 | Loss: 0.1749 | Time: 24.98s

Exporting eval images for epoch 20
Exported samples for uniform into eval_runs/uniform_seed0/epoch_20/uniform
Exported samples for shifted_coarse into eval_runs/uniform_seed0/epoch_20/shifted_coarse
Exported samples for shifted_fine into eval_runs/uniform_seed0/epoch_20/shifted_fine
Exported samples for logit_normal into eval_runs/uniform_seed0/epoch_20/logit_normal
-----------------------------------------
Saved checkpoint to checkpoints/uniform_seed0_epoch_20.eqx
Epoch 21/100 | Loss: 0.1723 | Time: 24.81s
Epoch 22/100 | Loss: 0.1749 | Time: 25.07s
Epoch 23/100 | Loss: 0.1718 | Time: 24.77s
Epoch 24/100 | Loss: 0.1714 | Time: 24.80s
Epoch 25/100 | Loss: 0.1718 | Time: 25.05s
Epoch 26/100 | Loss: 0.1721 | Time: 24.77s
Epoch 27/100 | Loss: 0.1711 | Time: 25.01s
Epoch 28/100 | Loss: 0.1701 | Time: 24.85s
Epoch 29/100 | Loss: 0.1710 | Time: 24.95s
Epoch 30/100 | Loss: 0.1707 | Time: 24.78s

Exporting eval images for epoch 30
Exported samples for uniform into eval_runs/uniform_seed0/epoch_30/uniform
Exported samples for shifted_coarse into eval_runs/uniform_seed0/epoch_30/shifted_coarse
Exported samples for shifted_fine into eval_runs/uniform_seed0/epoch_30/shifted_fine
Exported samples for logit_normal into eval_runs/uniform_seed0/epoch_30/logit_normal
-----------------------------------------
Saved checkpoint to checkpoints/uniform_seed0_epoch_30.eqx
Epoch 31/100 | Loss: 0.1712 | Time: 25.00s
Epoch 32/100 | Loss: 0.1689 | Time: 24.83s
Epoch 33/100 | Loss: 0.1692 | Time: 24.80s
Epoch 34/100 | Loss: 0.1693 | Time: 25.03s
Epoch 35/100 | Loss: 0.1689 | Time: 24.78s
Epoch 36/100 | Loss: 0.1683 | Time: 25.00s
Epoch 37/100 | Loss: 0.1688 | Time: 24.86s
Epoch 38/100 | Loss: 0.1692 | Time: 24.96s
Epoch 39/100 | Loss: 0.1681 | Time: 24.77s
Epoch 40/100 | Loss: 0.1685 | Time: 24.98s

Exporting eval images for epoch 40
Exported samples for uniform into eval_runs/uniform_seed0/epoch_40/uniform
Exported samples for shifted_coarse into eval_runs/uniform_seed0/epoch_40/shifted_coarse
Exported samples for shifted_fine into eval_runs/uniform_seed0/epoch_40/shifted_fine
Exported samples for logit_normal into eval_runs/uniform_seed0/epoch_40/logit_normal
-----------------------------------------
Saved checkpoint to checkpoints/uniform_seed0_epoch_40.eqx
Epoch 41/100 | Loss: 0.1678 | Time: 24.71s
Epoch 42/100 | Loss: 0.1712 | Time: 24.84s
Epoch 43/100 | Loss: 0.1675 | Time: 25.08s
Epoch 44/100 | Loss: 0.1658 | Time: 24.78s
Epoch 45/100 | Loss: 0.1674 | Time: 24.93s
Epoch 46/100 | Loss: 0.1674 | Time: 24.74s
Epoch 47/100 | Loss: 0.1672 | Time: 24.96s
Epoch 48/100 | Loss: 0.1667 | Time: 24.79s
Epoch 49/100 | Loss: 0.1668 | Time: 25.06s
Epoch 50/100 | Loss: 0.1667 | Time: 24.76s

Exporting eval images for epoch 50
Exported samples for uniform into eval_runs/uniform_seed0/epoch_50/uniform
Exported samples for shifted_coarse into eval_runs/uniform_seed0/epoch_50/shifted_coarse
Exported samples for shifted_fine into eval_runs/uniform_seed0/epoch_50/shifted_fine
Exported samples for logit_normal into eval_runs/uniform_seed0/epoch_50/logit_normal
-----------------------------------------
Saved checkpoint to checkpoints/uniform_seed0_epoch_50.eqx
Epoch 51/100 | Loss: 0.1662 | Time: 24.82s
Epoch 52/100 | Loss: 0.1664 | Time: 25.04s
Epoch 53/100 | Loss: 0.1660 | Time: 24.77s
Epoch 54/100 | Loss: 0.1655 | Time: 24.99s
Epoch 55/100 | Loss: 0.1662 | Time: 24.83s
Epoch 56/100 | Loss: 0.1653 | Time: 24.94s
Epoch 57/100 | Loss: 0.1657 | Time: 24.80s
Epoch 58/100 | Loss: 0.1659 | Time: 25.06s
Epoch 59/100 | Loss: 0.1663 | Time: 24.77s
Epoch 60/100 | Loss: 0.1655 | Time: 24.80s

Exporting eval images for epoch 60
Exported samples for uniform into eval_runs/uniform_seed0/epoch_60/uniform
Exported samples for shifted_coarse into eval_runs/uniform_seed0/epoch_60/shifted_coarse
Exported samples for shifted_fine into eval_runs/uniform_seed0/epoch_60/shifted_fine
Exported samples for logit_normal into eval_runs/uniform_seed0/epoch_60/logit_normal
-----------------------------------------
Saved checkpoint to checkpoints/uniform_seed0_epoch_60.eqx
Epoch 61/100 | Loss: 0.1656 | Time: 25.03s
Epoch 62/100 | Loss: 0.1661 | Time: 24.75s
Epoch 63/100 | Loss: 0.1647 | Time: 25.00s
Epoch 64/100 | Loss: 0.1661 | Time: 24.81s
Epoch 65/100 | Loss: 0.1659 | Time: 24.98s
Epoch 66/100 | Loss: 0.1645 | Time: 24.80s
Epoch 67/100 | Loss: 0.1652 | Time: 25.01s
Epoch 68/100 | Loss: 0.1657 | Time: 24.79s
Epoch 69/100 | Loss: 0.1642 | Time: 24.80s
Epoch 70/100 | Loss: 0.1658 | Time: 25.06s

Exporting eval images for epoch 70
Exported samples for uniform into eval_runs/uniform_seed0/epoch_70/uniform
Exported samples for shifted_coarse into eval_runs/uniform_seed0/epoch_70/shifted_coarse
Exported samples for shifted_fine into eval_runs/uniform_seed0/epoch_70/shifted_fine
Exported samples for logit_normal into eval_runs/uniform_seed0/epoch_70/logit_normal
-----------------------------------------
Saved checkpoint to checkpoints/uniform_seed0_epoch_70.eqx
Epoch 71/100 | Loss: 0.1644 | Time: 24.74s
Epoch 72/100 | Loss: 0.1655 | Time: 25.04s
Epoch 73/100 | Loss: 0.1643 | Time: 24.88s
Epoch 74/100 | Loss: 0.1653 | Time: 24.96s
Epoch 75/100 | Loss: 0.1643 | Time: 24.80s
Epoch 76/100 | Loss: 0.1650 | Time: 25.03s
Epoch 77/100 | Loss: 0.1650 | Time: 24.80s
Epoch 78/100 | Loss: 0.1639 | Time: 24.81s
Epoch 79/100 | Loss: 0.1637 | Time: 25.00s
Epoch 80/100 | Loss: 0.1647 | Time: 24.74s

Exporting eval images for epoch 80
Exported samples for uniform into eval_runs/uniform_seed0/epoch_80/uniform
Exported samples for shifted_coarse into eval_runs/uniform_seed0/epoch_80/shifted_coarse
Exported samples for shifted_fine into eval_runs/uniform_seed0/epoch_80/shifted_fine
Exported samples for logit_normal into eval_runs/uniform_seed0/epoch_80/logit_normal
-----------------------------------------
Saved checkpoint to checkpoints/uniform_seed0_epoch_80.eqx
Epoch 81/100 | Loss: 0.1642 | Time: 24.99s
Epoch 82/100 | Loss: 0.1644 | Time: 24.87s
Epoch 83/100 | Loss: 0.1655 | Time: 24.98s
Epoch 84/100 | Loss: 0.1645 | Time: 24.82s
Epoch 85/100 | Loss: 0.1640 | Time: 24.85s
Epoch 86/100 | Loss: 0.1641 | Time: 24.97s
Epoch 87/100 | Loss: 0.1630 | Time: 24.80s
Epoch 88/100 | Loss: 0.1636 | Time: 25.04s
Epoch 89/100 | Loss: 0.1637 | Time: 24.77s
Epoch 90/100 | Loss: 0.1638 | Time: 24.98s

Exporting eval images for epoch 90
Exported samples for uniform into eval_runs/uniform_seed0/epoch_90/uniform
Exported samples for shifted_coarse into eval_runs/uniform_seed0/epoch_90/shifted_coarse
Exported samples for shifted_fine into eval_runs/uniform_seed0/epoch_90/shifted_fine
Exported samples for logit_normal into eval_runs/uniform_seed0/epoch_90/logit_normal
-----------------------------------------
Saved checkpoint to checkpoints/uniform_seed0_epoch_90.eqx
Epoch 91/100 | Loss: 0.1633 | Time: 24.82s
Epoch 92/100 | Loss: 0.1641 | Time: 24.98s
Epoch 93/100 | Loss: 0.1629 | Time: 24.81s
Epoch 94/100 | Loss: 0.1641 | Time: 24.81s
Epoch 95/100 | Loss: 0.1644 | Time: 24.98s
Epoch 96/100 | Loss: 0.1627 | Time: 24.78s
Epoch 97/100 | Loss: 0.1629 | Time: 25.06s
Epoch 98/100 | Loss: 0.1642 | Time: 24.73s
Epoch 99/100 | Loss: 0.1628 | Time: 24.98s
Epoch 100/100 | Loss: 0.1623 | Time: 24.81s

Exporting eval images for epoch 100
Exported samples for uniform into eval_runs/uniform_seed0/epoch_100/uniform
Exported samples for shifted_coarse into eval_runs/uniform_seed0/epoch_100/shifted_coarse
Exported samples for shifted_fine into eval_runs/uniform_seed0/epoch_100/shifted_fine
Exported samples for logit_normal into eval_runs/uniform_seed0/epoch_100/logit_normal
-----------------------------------------
Saved checkpoint to checkpoints/uniform_seed0_epoch_100.eqx

========================================
Array task 0 (uniform seed 0) complete.
Once ALL 10 array tasks finish, run evaluate_fid.py separately -- see
run_exp1_eval.sh (submit with --dependency=afterok:<this array job's ID>).
========================================
