cpu-bind=MASK - isola-2080ti-1, task  0  0 [2930164]: mask 0x300003 set
========================================
Array task 2: train_dist=uniform seed=2
========================================
init model
load MNIST
training for 100 epochs using uniform distribution with conditioning=none
log training metrics to: logs/metrics/metrics_uniform_seed2.jsonl
Epoch 1/100 | Loss: 0.6286 | Time: 37.59s
Epoch 2/100 | Loss: 0.2074 | Time: 24.29s
Epoch 3/100 | Loss: 0.1986 | Time: 24.17s
Epoch 4/100 | Loss: 0.1928 | Time: 24.32s
Epoch 5/100 | Loss: 0.1889 | Time: 24.49s
Epoch 6/100 | Loss: 0.1873 | Time: 24.30s
Epoch 7/100 | Loss: 0.1884 | Time: 24.55s
Epoch 8/100 | Loss: 0.1828 | Time: 24.24s
Epoch 9/100 | Loss: 0.1820 | Time: 24.58s
Epoch 10/100 | Loss: 0.1816 | Time: 24.40s

Exporting eval images for epoch 10
Exported samples for uniform into eval_runs/uniform_seed2/epoch_10/uniform
Exported samples for shifted_coarse into eval_runs/uniform_seed2/epoch_10/shifted_coarse
Exported samples for shifted_fine into eval_runs/uniform_seed2/epoch_10/shifted_fine
Exported samples for logit_normal into eval_runs/uniform_seed2/epoch_10/logit_normal
-----------------------------------------
Saved checkpoint to checkpoints/uniform_seed2_epoch_10.eqx
Epoch 11/100 | Loss: 0.1851 | Time: 24.31s
Epoch 12/100 | Loss: 0.1777 | Time: 24.20s
Epoch 13/100 | Loss: 0.1779 | Time: 24.55s
Epoch 14/100 | Loss: 0.1766 | Time: 24.22s
Epoch 15/100 | Loss: 0.1771 | Time: 24.48s
Epoch 16/100 | Loss: 0.1758 | Time: 24.28s
Epoch 17/100 | Loss: 0.1748 | Time: 24.26s
Epoch 18/100 | Loss: 0.1758 | Time: 24.54s
Epoch 19/100 | Loss: 0.1741 | Time: 24.32s
Epoch 20/100 | Loss: 0.1750 | Time: 24.43s

Exporting eval images for epoch 20
Exported samples for uniform into eval_runs/uniform_seed2/epoch_20/uniform
Exported samples for shifted_coarse into eval_runs/uniform_seed2/epoch_20/shifted_coarse
Exported samples for shifted_fine into eval_runs/uniform_seed2/epoch_20/shifted_fine
Exported samples for logit_normal into eval_runs/uniform_seed2/epoch_20/logit_normal
-----------------------------------------
Saved checkpoint to checkpoints/uniform_seed2_epoch_20.eqx
Epoch 21/100 | Loss: 0.1728 | Time: 24.14s
Epoch 22/100 | Loss: 0.1730 | Time: 24.51s
Epoch 23/100 | Loss: 0.1724 | Time: 24.16s
Epoch 24/100 | Loss: 0.1718 | Time: 24.27s
Epoch 25/100 | Loss: 0.1714 | Time: 24.57s
Epoch 26/100 | Loss: 0.1724 | Time: 24.23s
Epoch 27/100 | Loss: 0.1707 | Time: 24.58s
Epoch 28/100 | Loss: 0.1711 | Time: 24.30s
Epoch 29/100 | Loss: 0.1694 | Time: 24.47s
Epoch 30/100 | Loss: 0.1700 | Time: 24.18s

Exporting eval images for epoch 30
Exported samples for uniform into eval_runs/uniform_seed2/epoch_30/uniform
Exported samples for shifted_coarse into eval_runs/uniform_seed2/epoch_30/shifted_coarse
Exported samples for shifted_fine into eval_runs/uniform_seed2/epoch_30/shifted_fine
Exported samples for logit_normal into eval_runs/uniform_seed2/epoch_30/logit_normal
-----------------------------------------
Saved checkpoint to checkpoints/uniform_seed2_epoch_30.eqx
Epoch 31/100 | Loss: 0.1700 | Time: 24.44s
Epoch 32/100 | Loss: 0.1694 | Time: 24.09s
Epoch 33/100 | Loss: 0.1694 | Time: 24.25s
Epoch 34/100 | Loss: 0.1690 | Time: 24.48s
Epoch 35/100 | Loss: 0.1691 | Time: 24.22s
Epoch 36/100 | Loss: 0.1699 | Time: 24.43s
Epoch 37/100 | Loss: 0.1684 | Time: 24.28s
Epoch 38/100 | Loss: 0.1685 | Time: 24.48s
Epoch 39/100 | Loss: 0.1675 | Time: 24.21s
Epoch 40/100 | Loss: 0.1682 | Time: 24.46s

Exporting eval images for epoch 40
Exported samples for uniform into eval_runs/uniform_seed2/epoch_40/uniform
Exported samples for shifted_coarse into eval_runs/uniform_seed2/epoch_40/shifted_coarse
Exported samples for shifted_fine into eval_runs/uniform_seed2/epoch_40/shifted_fine
Exported samples for logit_normal into eval_runs/uniform_seed2/epoch_40/logit_normal
-----------------------------------------
Saved checkpoint to checkpoints/uniform_seed2_epoch_40.eqx
Epoch 41/100 | Loss: 0.1682 | Time: 24.13s
Epoch 42/100 | Loss: 0.1671 | Time: 24.16s
Epoch 43/100 | Loss: 0.1672 | Time: 24.56s
Epoch 44/100 | Loss: 0.1674 | Time: 24.18s
Epoch 45/100 | Loss: 0.1669 | Time: 24.52s
Epoch 46/100 | Loss: 0.1668 | Time: 24.37s
Epoch 47/100 | Loss: 0.1673 | Time: 24.52s
Epoch 48/100 | Loss: 0.1661 | Time: 24.29s
Epoch 49/100 | Loss: 0.1678 | Time: 24.60s
Epoch 50/100 | Loss: 0.1665 | Time: 24.16s

Exporting eval images for epoch 50
Exported samples for uniform into eval_runs/uniform_seed2/epoch_50/uniform
Exported samples for shifted_coarse into eval_runs/uniform_seed2/epoch_50/shifted_coarse
Exported samples for shifted_fine into eval_runs/uniform_seed2/epoch_50/shifted_fine
Exported samples for logit_normal into eval_runs/uniform_seed2/epoch_50/logit_normal
-----------------------------------------
Saved checkpoint to checkpoints/uniform_seed2_epoch_50.eqx
Epoch 51/100 | Loss: 0.1663 | Time: 24.10s
Epoch 52/100 | Loss: 0.1664 | Time: 24.50s
Epoch 53/100 | Loss: 0.1666 | Time: 24.19s
Epoch 54/100 | Loss: 0.1650 | Time: 24.47s
Epoch 55/100 | Loss: 0.1667 | Time: 24.33s
Epoch 56/100 | Loss: 0.1662 | Time: 24.47s
Epoch 57/100 | Loss: 0.1655 | Time: 24.32s
Epoch 58/100 | Loss: 0.1653 | Time: 24.60s
Epoch 59/100 | Loss: 0.1656 | Time: 24.29s
Epoch 60/100 | Loss: 0.1650 | Time: 24.22s

Exporting eval images for epoch 60
Exported samples for uniform into eval_runs/uniform_seed2/epoch_60/uniform
Exported samples for shifted_coarse into eval_runs/uniform_seed2/epoch_60/shifted_coarse
Exported samples for shifted_fine into eval_runs/uniform_seed2/epoch_60/shifted_fine
Exported samples for logit_normal into eval_runs/uniform_seed2/epoch_60/logit_normal
-----------------------------------------
Saved checkpoint to checkpoints/uniform_seed2_epoch_60.eqx
Epoch 61/100 | Loss: 0.1652 | Time: 24.43s
Epoch 62/100 | Loss: 0.1654 | Time: 24.17s
Epoch 63/100 | Loss: 0.1651 | Time: 24.45s
Epoch 64/100 | Loss: 0.1650 | Time: 24.31s
Epoch 65/100 | Loss: 0.1649 | Time: 24.44s
Epoch 66/100 | Loss: 0.1650 | Time: 24.28s
Epoch 67/100 | Loss: 0.1648 | Time: 24.60s
Epoch 68/100 | Loss: 0.1643 | Time: 24.26s
Epoch 69/100 | Loss: 0.1654 | Time: 24.27s
Epoch 70/100 | Loss: 0.1649 | Time: 24.54s

Exporting eval images for epoch 70
Exported samples for uniform into eval_runs/uniform_seed2/epoch_70/uniform
Exported samples for shifted_coarse into eval_runs/uniform_seed2/epoch_70/shifted_coarse
Exported samples for shifted_fine into eval_runs/uniform_seed2/epoch_70/shifted_fine
Exported samples for logit_normal into eval_runs/uniform_seed2/epoch_70/logit_normal
-----------------------------------------
Saved checkpoint to checkpoints/uniform_seed2_epoch_70.eqx
Epoch 71/100 | Loss: 0.1655 | Time: 24.07s
Epoch 72/100 | Loss: 0.1648 | Time: 24.47s
Epoch 73/100 | Loss: 0.1645 | Time: 24.28s
Epoch 74/100 | Loss: 0.1648 | Time: 24.44s
Epoch 75/100 | Loss: 0.1644 | Time: 24.29s
Epoch 76/100 | Loss: 0.1644 | Time: 24.55s
Epoch 77/100 | Loss: 0.1643 | Time: 24.28s
Epoch 78/100 | Loss: 0.1644 | Time: 24.29s
Epoch 79/100 | Loss: 0.1626 | Time: 24.61s
Epoch 80/100 | Loss: 0.1636 | Time: 24.15s

Exporting eval images for epoch 80
Exported samples for uniform into eval_runs/uniform_seed2/epoch_80/uniform
Exported samples for shifted_coarse into eval_runs/uniform_seed2/epoch_80/shifted_coarse
Exported samples for shifted_fine into eval_runs/uniform_seed2/epoch_80/shifted_fine
Exported samples for logit_normal into eval_runs/uniform_seed2/epoch_80/logit_normal
-----------------------------------------
Saved checkpoint to checkpoints/uniform_seed2_epoch_80.eqx
Epoch 81/100 | Loss: 0.1639 | Time: 24.44s
Epoch 82/100 | Loss: 0.1638 | Time: 24.25s
Epoch 83/100 | Loss: 0.1640 | Time: 24.40s
Epoch 84/100 | Loss: 0.1641 | Time: 24.23s
Epoch 85/100 | Loss: 0.1635 | Time: 24.30s
Epoch 86/100 | Loss: 0.1626 | Time: 24.46s
Epoch 87/100 | Loss: 0.1638 | Time: 24.25s
Epoch 88/100 | Loss: 0.1636 | Time: 24.57s
Epoch 89/100 | Loss: 0.1637 | Time: 24.25s
Epoch 90/100 | Loss: 0.1632 | Time: 24.42s

Exporting eval images for epoch 90
Exported samples for uniform into eval_runs/uniform_seed2/epoch_90/uniform
Exported samples for shifted_coarse into eval_runs/uniform_seed2/epoch_90/shifted_coarse
Exported samples for shifted_fine into eval_runs/uniform_seed2/epoch_90/shifted_fine
Exported samples for logit_normal into eval_runs/uniform_seed2/epoch_90/logit_normal
-----------------------------------------
Saved checkpoint to checkpoints/uniform_seed2_epoch_90.eqx
Epoch 91/100 | Loss: 0.1640 | Time: 24.13s
Epoch 92/100 | Loss: 0.1638 | Time: 24.38s
Epoch 93/100 | Loss: 0.1634 | Time: 24.03s
Epoch 94/100 | Loss: 0.1635 | Time: 24.25s
Epoch 95/100 | Loss: 0.1631 | Time: 24.36s
Epoch 96/100 | Loss: 0.1633 | Time: 24.22s
Epoch 97/100 | Loss: 0.1632 | Time: 24.55s
Epoch 98/100 | Loss: 0.1627 | Time: 24.28s
Epoch 99/100 | Loss: 0.1633 | Time: 24.57s
Epoch 100/100 | Loss: 0.1630 | Time: 24.31s

Exporting eval images for epoch 100
Exported samples for uniform into eval_runs/uniform_seed2/epoch_100/uniform
Exported samples for shifted_coarse into eval_runs/uniform_seed2/epoch_100/shifted_coarse
Exported samples for shifted_fine into eval_runs/uniform_seed2/epoch_100/shifted_fine
Exported samples for logit_normal into eval_runs/uniform_seed2/epoch_100/logit_normal
-----------------------------------------
Saved checkpoint to checkpoints/uniform_seed2_epoch_100.eqx

========================================
Array task 2 (uniform seed 2) complete.
Once ALL 10 array tasks finish, run evaluate_fid.py separately -- see
run_exp1_eval.sh (submit with --dependency=afterok:<this array job's ID>).
========================================
