cpu-bind=MASK - isola-2080ti-1, task  0  0 [2930161]: mask 0xc0000c0 set
========================================
Array task 5: train_dist=logit_normal seed=0
========================================
init model
load MNIST
training for 100 epochs using logit_normal distribution with conditioning=none
log training metrics to: logs/metrics/metrics_logit_normal_mu_0.0_sigma_1.0_seed0.jsonl
Epoch 1/100 | Loss: 0.3379 | Time: 38.03s
Epoch 2/100 | Loss: 0.1855 | Time: 24.25s
Epoch 3/100 | Loss: 0.1787 | Time: 24.63s
Epoch 4/100 | Loss: 0.1739 | Time: 24.55s
Epoch 5/100 | Loss: 0.1724 | Time: 24.76s
Epoch 6/100 | Loss: 0.1690 | Time: 24.55s
Epoch 7/100 | Loss: 0.1685 | Time: 24.78s
Epoch 8/100 | Loss: 0.1654 | Time: 24.51s
Epoch 9/100 | Loss: 0.1645 | Time: 24.82s
Epoch 10/100 | Loss: 0.1632 | Time: 24.63s

Exporting eval images for epoch 10
Exported samples for uniform into eval_runs/logit_normal_mu_0.0_sigma_1.0_seed0/epoch_10/uniform
Exported samples for shifted_coarse into eval_runs/logit_normal_mu_0.0_sigma_1.0_seed0/epoch_10/shifted_coarse
Exported samples for shifted_fine into eval_runs/logit_normal_mu_0.0_sigma_1.0_seed0/epoch_10/shifted_fine
Exported samples for logit_normal into eval_runs/logit_normal_mu_0.0_sigma_1.0_seed0/epoch_10/logit_normal
-----------------------------------------
Saved checkpoint to checkpoints/logit_normal_mu_0.0_sigma_1.0_seed0_epoch_10.eqx
Epoch 11/100 | Loss: 0.1618 | Time: 24.57s
Epoch 12/100 | Loss: 0.1607 | Time: 24.41s
Epoch 13/100 | Loss: 0.1598 | Time: 24.74s
Epoch 14/100 | Loss: 0.1594 | Time: 24.48s
Epoch 15/100 | Loss: 0.1598 | Time: 24.52s
Epoch 16/100 | Loss: 0.1577 | Time: 24.83s
Epoch 17/100 | Loss: 0.1569 | Time: 24.52s
Epoch 18/100 | Loss: 0.1571 | Time: 24.89s
Epoch 19/100 | Loss: 0.1563 | Time: 24.59s
Epoch 20/100 | Loss: 0.1558 | Time: 24.51s

Exporting eval images for epoch 20
Exported samples for uniform into eval_runs/logit_normal_mu_0.0_sigma_1.0_seed0/epoch_20/uniform
Exported samples for shifted_coarse into eval_runs/logit_normal_mu_0.0_sigma_1.0_seed0/epoch_20/shifted_coarse
Exported samples for shifted_fine into eval_runs/logit_normal_mu_0.0_sigma_1.0_seed0/epoch_20/shifted_fine
Exported samples for logit_normal into eval_runs/logit_normal_mu_0.0_sigma_1.0_seed0/epoch_20/logit_normal
-----------------------------------------
Saved checkpoint to checkpoints/logit_normal_mu_0.0_sigma_1.0_seed0_epoch_20.eqx
Epoch 21/100 | Loss: 0.1555 | Time: 24.34s
Epoch 22/100 | Loss: 0.1557 | Time: 24.48s
Epoch 23/100 | Loss: 0.1549 | Time: 24.70s
Epoch 24/100 | Loss: 0.1540 | Time: 24.50s
Epoch 25/100 | Loss: 0.1547 | Time: 24.77s
Epoch 26/100 | Loss: 0.1541 | Time: 24.51s
Epoch 27/100 | Loss: 0.1539 | Time: 24.80s
Epoch 28/100 | Loss: 0.1536 | Time: 24.60s
Epoch 29/100 | Loss: 0.1534 | Time: 24.76s
Epoch 30/100 | Loss: 0.1536 | Time: 24.23s

Exporting eval images for epoch 30
Exported samples for uniform into eval_runs/logit_normal_mu_0.0_sigma_1.0_seed0/epoch_30/uniform
Exported samples for shifted_coarse into eval_runs/logit_normal_mu_0.0_sigma_1.0_seed0/epoch_30/shifted_coarse
Exported samples for shifted_fine into eval_runs/logit_normal_mu_0.0_sigma_1.0_seed0/epoch_30/shifted_fine
Exported samples for logit_normal into eval_runs/logit_normal_mu_0.0_sigma_1.0_seed0/epoch_30/logit_normal
-----------------------------------------
Saved checkpoint to checkpoints/logit_normal_mu_0.0_sigma_1.0_seed0_epoch_30.eqx
Epoch 31/100 | Loss: 0.1518 | Time: 24.37s
Epoch 32/100 | Loss: 0.1524 | Time: 24.62s
Epoch 33/100 | Loss: 0.1522 | Time: 24.53s
Epoch 34/100 | Loss: 0.1525 | Time: 24.80s
Epoch 35/100 | Loss: 0.1519 | Time: 24.44s
Epoch 36/100 | Loss: 0.1516 | Time: 24.76s
Epoch 37/100 | Loss: 0.1514 | Time: 24.54s
Epoch 38/100 | Loss: 0.1518 | Time: 24.71s
Epoch 39/100 | Loss: 0.1510 | Time: 24.45s
Epoch 40/100 | Loss: 0.1513 | Time: 24.22s

Exporting eval images for epoch 40
Exported samples for uniform into eval_runs/logit_normal_mu_0.0_sigma_1.0_seed0/epoch_40/uniform
Exported samples for shifted_coarse into eval_runs/logit_normal_mu_0.0_sigma_1.0_seed0/epoch_40/shifted_coarse
Exported samples for shifted_fine into eval_runs/logit_normal_mu_0.0_sigma_1.0_seed0/epoch_40/shifted_fine
Exported samples for logit_normal into eval_runs/logit_normal_mu_0.0_sigma_1.0_seed0/epoch_40/logit_normal
-----------------------------------------
Saved checkpoint to checkpoints/logit_normal_mu_0.0_sigma_1.0_seed0_epoch_40.eqx
Epoch 41/100 | Loss: 0.1505 | Time: 24.58s
Epoch 42/100 | Loss: 0.1503 | Time: 24.41s
Epoch 43/100 | Loss: 0.1509 | Time: 24.79s
Epoch 44/100 | Loss: 0.1503 | Time: 24.50s
Epoch 45/100 | Loss: 0.1507 | Time: 24.79s
Epoch 46/100 | Loss: 0.1507 | Time: 24.60s
Epoch 47/100 | Loss: 0.1501 | Time: 24.51s
Epoch 48/100 | Loss: 0.1505 | Time: 24.83s
Epoch 49/100 | Loss: 0.1496 | Time: 24.61s
Epoch 50/100 | Loss: 0.1497 | Time: 24.25s

Exporting eval images for epoch 50
Exported samples for uniform into eval_runs/logit_normal_mu_0.0_sigma_1.0_seed0/epoch_50/uniform
Exported samples for shifted_coarse into eval_runs/logit_normal_mu_0.0_sigma_1.0_seed0/epoch_50/shifted_coarse
Exported samples for shifted_fine into eval_runs/logit_normal_mu_0.0_sigma_1.0_seed0/epoch_50/shifted_fine
Exported samples for logit_normal into eval_runs/logit_normal_mu_0.0_sigma_1.0_seed0/epoch_50/logit_normal
-----------------------------------------
Saved checkpoint to checkpoints/logit_normal_mu_0.0_sigma_1.0_seed0_epoch_50.eqx
Epoch 51/100 | Loss: 0.1493 | Time: 24.39s
Epoch 52/100 | Loss: 0.1492 | Time: 24.77s
Epoch 53/100 | Loss: 0.1494 | Time: 24.47s
Epoch 54/100 | Loss: 0.1489 | Time: 24.78s
Epoch 55/100 | Loss: 0.1493 | Time: 24.60s
Epoch 56/100 | Loss: 0.1488 | Time: 24.52s
Epoch 57/100 | Loss: 0.1488 | Time: 24.81s
Epoch 58/100 | Loss: 0.1488 | Time: 24.59s
Epoch 59/100 | Loss: 0.1493 | Time: 24.74s
Epoch 60/100 | Loss: 0.1488 | Time: 24.00s

Exporting eval images for epoch 60
Exported samples for uniform into eval_runs/logit_normal_mu_0.0_sigma_1.0_seed0/epoch_60/uniform
Exported samples for shifted_coarse into eval_runs/logit_normal_mu_0.0_sigma_1.0_seed0/epoch_60/shifted_coarse
Exported samples for shifted_fine into eval_runs/logit_normal_mu_0.0_sigma_1.0_seed0/epoch_60/shifted_fine
Exported samples for logit_normal into eval_runs/logit_normal_mu_0.0_sigma_1.0_seed0/epoch_60/logit_normal
-----------------------------------------
Saved checkpoint to checkpoints/logit_normal_mu_0.0_sigma_1.0_seed0_epoch_60.eqx
Epoch 61/100 | Loss: 0.1482 | Time: 24.68s
Epoch 62/100 | Loss: 0.1494 | Time: 24.40s
Epoch 63/100 | Loss: 0.1481 | Time: 24.54s
Epoch 64/100 | Loss: 0.1492 | Time: 24.81s
Epoch 65/100 | Loss: 0.1489 | Time: 24.50s
Epoch 66/100 | Loss: 0.1485 | Time: 24.77s
Epoch 67/100 | Loss: 0.1484 | Time: 24.56s
Epoch 68/100 | Loss: 0.1481 | Time: 24.76s
Epoch 69/100 | Loss: 0.1478 | Time: 24.45s
Epoch 70/100 | Loss: 0.1478 | Time: 24.22s

Exporting eval images for epoch 70
Exported samples for uniform into eval_runs/logit_normal_mu_0.0_sigma_1.0_seed0/epoch_70/uniform
Exported samples for shifted_coarse into eval_runs/logit_normal_mu_0.0_sigma_1.0_seed0/epoch_70/shifted_coarse
Exported samples for shifted_fine into eval_runs/logit_normal_mu_0.0_sigma_1.0_seed0/epoch_70/shifted_fine
Exported samples for logit_normal into eval_runs/logit_normal_mu_0.0_sigma_1.0_seed0/epoch_70/logit_normal
-----------------------------------------
Saved checkpoint to checkpoints/logit_normal_mu_0.0_sigma_1.0_seed0_epoch_70.eqx
Epoch 71/100 | Loss: 0.1478 | Time: 24.31s
Epoch 72/100 | Loss: 0.1485 | Time: 24.43s
Epoch 73/100 | Loss: 0.1477 | Time: 24.84s
Epoch 74/100 | Loss: 0.1483 | Time: 24.53s
Epoch 75/100 | Loss: 0.1476 | Time: 24.80s
Epoch 76/100 | Loss: 0.1475 | Time: 24.58s
Epoch 77/100 | Loss: 0.1478 | Time: 24.74s
Epoch 78/100 | Loss: 0.1474 | Time: 24.57s
Epoch 79/100 | Loss: 0.1473 | Time: 24.40s
Epoch 80/100 | Loss: 0.1472 | Time: 24.22s

Exporting eval images for epoch 80
Exported samples for uniform into eval_runs/logit_normal_mu_0.0_sigma_1.0_seed0/epoch_80/uniform
Exported samples for shifted_coarse into eval_runs/logit_normal_mu_0.0_sigma_1.0_seed0/epoch_80/shifted_coarse
Exported samples for shifted_fine into eval_runs/logit_normal_mu_0.0_sigma_1.0_seed0/epoch_80/shifted_fine
Exported samples for logit_normal into eval_runs/logit_normal_mu_0.0_sigma_1.0_seed0/epoch_80/logit_normal
-----------------------------------------
Saved checkpoint to checkpoints/logit_normal_mu_0.0_sigma_1.0_seed0_epoch_80.eqx
Epoch 81/100 | Loss: 0.1473 | Time: 24.39s
Epoch 82/100 | Loss: 0.1472 | Time: 24.75s
Epoch 83/100 | Loss: 0.1481 | Time: 24.51s
Epoch 84/100 | Loss: 0.1473 | Time: 24.77s
Epoch 85/100 | Loss: 0.1471 | Time: 24.60s
Epoch 86/100 | Loss: 0.1473 | Time: 24.73s
Epoch 87/100 | Loss: 0.1465 | Time: 24.60s
Epoch 88/100 | Loss: 0.1468 | Time: 24.60s
Epoch 89/100 | Loss: 0.1471 | Time: 24.53s
Epoch 90/100 | Loss: 0.1471 | Time: 23.86s

Exporting eval images for epoch 90
Exported samples for uniform into eval_runs/logit_normal_mu_0.0_sigma_1.0_seed0/epoch_90/uniform
Exported samples for shifted_coarse into eval_runs/logit_normal_mu_0.0_sigma_1.0_seed0/epoch_90/shifted_coarse
Exported samples for shifted_fine into eval_runs/logit_normal_mu_0.0_sigma_1.0_seed0/epoch_90/shifted_fine
Exported samples for logit_normal into eval_runs/logit_normal_mu_0.0_sigma_1.0_seed0/epoch_90/logit_normal
-----------------------------------------
Saved checkpoint to checkpoints/logit_normal_mu_0.0_sigma_1.0_seed0_epoch_90.eqx
Epoch 91/100 | Loss: 0.1464 | Time: 24.63s
Epoch 92/100 | Loss: 0.1472 | Time: 24.34s
Epoch 93/100 | Loss: 0.1463 | Time: 24.70s
Epoch 94/100 | Loss: 0.1470 | Time: 24.55s
Epoch 95/100 | Loss: 0.1471 | Time: 24.42s
Epoch 96/100 | Loss: 0.1465 | Time: 24.75s
Epoch 97/100 | Loss: 0.1463 | Time: 24.59s
Epoch 98/100 | Loss: 0.1473 | Time: 24.77s
Epoch 99/100 | Loss: 0.1464 | Time: 24.25s
Epoch 100/100 | Loss: 0.1459 | Time: 24.17s

Exporting eval images for epoch 100
Exported samples for uniform into eval_runs/logit_normal_mu_0.0_sigma_1.0_seed0/epoch_100/uniform
Exported samples for shifted_coarse into eval_runs/logit_normal_mu_0.0_sigma_1.0_seed0/epoch_100/shifted_coarse
Exported samples for shifted_fine into eval_runs/logit_normal_mu_0.0_sigma_1.0_seed0/epoch_100/shifted_fine
Exported samples for logit_normal into eval_runs/logit_normal_mu_0.0_sigma_1.0_seed0/epoch_100/logit_normal
-----------------------------------------
Saved checkpoint to checkpoints/logit_normal_mu_0.0_sigma_1.0_seed0_epoch_100.eqx

========================================
Array task 5 (logit_normal seed 0) complete.
Once ALL 10 array tasks finish, run evaluate_fid.py separately -- see
run_exp1_eval.sh (submit with --dependency=afterok:<this array job's ID>).
========================================
