cpu-bind=MASK - isola-2080ti-1, task  0  0 [2930162]: mask 0x3000030 set
========================================
Array task 4: train_dist=uniform seed=4
========================================
init model
load MNIST
training for 100 epochs using uniform distribution with conditioning=none
log training metrics to: logs/metrics/metrics_uniform_seed4.jsonl
Epoch 1/100 | Loss: 0.6675 | Time: 37.54s
Epoch 2/100 | Loss: 0.2039 | Time: 24.07s
Epoch 3/100 | Loss: 0.1982 | Time: 23.99s
Epoch 4/100 | Loss: 0.1918 | Time: 24.13s
Epoch 5/100 | Loss: 0.1881 | Time: 24.28s
Epoch 6/100 | Loss: 0.1916 | Time: 24.14s
Epoch 7/100 | Loss: 0.1842 | Time: 24.49s
Epoch 8/100 | Loss: 0.1823 | Time: 24.14s
Epoch 9/100 | Loss: 0.1830 | Time: 24.43s
Epoch 10/100 | Loss: 0.1811 | Time: 24.29s

Exporting eval images for epoch 10
Exported samples for uniform into eval_runs/uniform_seed4/epoch_10/uniform
Exported samples for shifted_coarse into eval_runs/uniform_seed4/epoch_10/shifted_coarse
Exported samples for shifted_fine into eval_runs/uniform_seed4/epoch_10/shifted_fine
Exported samples for logit_normal into eval_runs/uniform_seed4/epoch_10/logit_normal
-----------------------------------------
Saved checkpoint to checkpoints/uniform_seed4_epoch_10.eqx
Epoch 11/100 | Loss: 0.1799 | Time: 24.20s
Epoch 12/100 | Loss: 0.1801 | Time: 24.07s
Epoch 13/100 | Loss: 0.1810 | Time: 24.40s
Epoch 14/100 | Loss: 0.1774 | Time: 24.05s
Epoch 15/100 | Loss: 0.1761 | Time: 24.39s
Epoch 16/100 | Loss: 0.1774 | Time: 24.25s
Epoch 17/100 | Loss: 0.1746 | Time: 24.14s
Epoch 18/100 | Loss: 0.1747 | Time: 24.38s
Epoch 19/100 | Loss: 0.1756 | Time: 24.21s
Epoch 20/100 | Loss: 0.1741 | Time: 24.35s

Exporting eval images for epoch 20
Exported samples for uniform into eval_runs/uniform_seed4/epoch_20/uniform
Exported samples for shifted_coarse into eval_runs/uniform_seed4/epoch_20/shifted_coarse
Exported samples for shifted_fine into eval_runs/uniform_seed4/epoch_20/shifted_fine
Exported samples for logit_normal into eval_runs/uniform_seed4/epoch_20/logit_normal
-----------------------------------------
Saved checkpoint to checkpoints/uniform_seed4_epoch_20.eqx
Epoch 21/100 | Loss: 0.1738 | Time: 24.00s
Epoch 22/100 | Loss: 0.1725 | Time: 24.36s
Epoch 23/100 | Loss: 0.1728 | Time: 24.06s
Epoch 24/100 | Loss: 0.1718 | Time: 24.39s
Epoch 25/100 | Loss: 0.1723 | Time: 24.19s
Epoch 26/100 | Loss: 0.1720 | Time: 24.13s
Epoch 27/100 | Loss: 0.1704 | Time: 24.44s
Epoch 28/100 | Loss: 0.1710 | Time: 24.20s
Epoch 29/100 | Loss: 0.1701 | Time: 24.39s
Epoch 30/100 | Loss: 0.1694 | Time: 24.19s

Exporting eval images for epoch 30
Exported samples for uniform into eval_runs/uniform_seed4/epoch_30/uniform
Exported samples for shifted_coarse into eval_runs/uniform_seed4/epoch_30/shifted_coarse
Exported samples for shifted_fine into eval_runs/uniform_seed4/epoch_30/shifted_fine
Exported samples for logit_normal into eval_runs/uniform_seed4/epoch_30/logit_normal
-----------------------------------------
Saved checkpoint to checkpoints/uniform_seed4_epoch_30.eqx
Epoch 31/100 | Loss: 0.1703 | Time: 24.37s
Epoch 32/100 | Loss: 0.1697 | Time: 23.89s
Epoch 33/100 | Loss: 0.1693 | Time: 24.27s
Epoch 34/100 | Loss: 0.1698 | Time: 24.14s
Epoch 35/100 | Loss: 0.1685 | Time: 24.06s
Epoch 36/100 | Loss: 0.1689 | Time: 24.30s
Epoch 37/100 | Loss: 0.1699 | Time: 24.17s
Epoch 38/100 | Loss: 0.1683 | Time: 24.33s
Epoch 39/100 | Loss: 0.1677 | Time: 24.10s
Epoch 40/100 | Loss: 0.1685 | Time: 24.45s

Exporting eval images for epoch 40
Exported samples for uniform into eval_runs/uniform_seed4/epoch_40/uniform
Exported samples for shifted_coarse into eval_runs/uniform_seed4/epoch_40/shifted_coarse
Exported samples for shifted_fine into eval_runs/uniform_seed4/epoch_40/shifted_fine
Exported samples for logit_normal into eval_runs/uniform_seed4/epoch_40/logit_normal
-----------------------------------------
Saved checkpoint to checkpoints/uniform_seed4_epoch_40.eqx
Epoch 41/100 | Loss: 0.1683 | Time: 24.03s
Epoch 42/100 | Loss: 0.1675 | Time: 24.33s
Epoch 43/100 | Loss: 0.1684 | Time: 24.13s
Epoch 44/100 | Loss: 0.1674 | Time: 24.05s
Epoch 45/100 | Loss: 0.1677 | Time: 24.40s
Epoch 46/100 | Loss: 0.1668 | Time: 24.26s
Epoch 47/100 | Loss: 0.1665 | Time: 24.38s
Epoch 48/100 | Loss: 0.1674 | Time: 24.17s
Epoch 49/100 | Loss: 0.1671 | Time: 24.49s
Epoch 50/100 | Loss: 0.1667 | Time: 24.13s

Exporting eval images for epoch 50
Exported samples for uniform into eval_runs/uniform_seed4/epoch_50/uniform
Exported samples for shifted_coarse into eval_runs/uniform_seed4/epoch_50/shifted_coarse
Exported samples for shifted_fine into eval_runs/uniform_seed4/epoch_50/shifted_fine
Exported samples for logit_normal into eval_runs/uniform_seed4/epoch_50/logit_normal
-----------------------------------------
Saved checkpoint to checkpoints/uniform_seed4_epoch_50.eqx
Epoch 51/100 | Loss: 0.1660 | Time: 24.24s
Epoch 52/100 | Loss: 0.1670 | Time: 24.07s
Epoch 53/100 | Loss: 0.1668 | Time: 24.04s
Epoch 54/100 | Loss: 0.1657 | Time: 24.35s
Epoch 55/100 | Loss: 0.1660 | Time: 24.22s
Epoch 56/100 | Loss: 0.1660 | Time: 24.34s
Epoch 57/100 | Loss: 0.1659 | Time: 24.17s
Epoch 58/100 | Loss: 0.1659 | Time: 24.44s
Epoch 59/100 | Loss: 0.1667 | Time: 24.16s
Epoch 60/100 | Loss: 0.1658 | Time: 24.17s

Exporting eval images for epoch 60
Exported samples for uniform into eval_runs/uniform_seed4/epoch_60/uniform
Exported samples for shifted_coarse into eval_runs/uniform_seed4/epoch_60/shifted_coarse
Exported samples for shifted_fine into eval_runs/uniform_seed4/epoch_60/shifted_fine
Exported samples for logit_normal into eval_runs/uniform_seed4/epoch_60/logit_normal
-----------------------------------------
Saved checkpoint to checkpoints/uniform_seed4_epoch_60.eqx
Epoch 61/100 | Loss: 0.1653 | Time: 24.29s
Epoch 62/100 | Loss: 0.1655 | Time: 23.98s
Epoch 63/100 | Loss: 0.1653 | Time: 24.34s
Epoch 64/100 | Loss: 0.1653 | Time: 24.18s
Epoch 65/100 | Loss: 0.1659 | Time: 24.33s
Epoch 66/100 | Loss: 0.1657 | Time: 24.17s
Epoch 67/100 | Loss: 0.1655 | Time: 24.47s
Epoch 68/100 | Loss: 0.1648 | Time: 24.16s
Epoch 69/100 | Loss: 0.1651 | Time: 24.13s
Epoch 70/100 | Loss: 0.1653 | Time: 24.45s

Exporting eval images for epoch 70
Exported samples for uniform into eval_runs/uniform_seed4/epoch_70/uniform
Exported samples for shifted_coarse into eval_runs/uniform_seed4/epoch_70/shifted_coarse
Exported samples for shifted_fine into eval_runs/uniform_seed4/epoch_70/shifted_fine
Exported samples for logit_normal into eval_runs/uniform_seed4/epoch_70/logit_normal
-----------------------------------------
Saved checkpoint to checkpoints/uniform_seed4_epoch_70.eqx
Epoch 71/100 | Loss: 0.1652 | Time: 23.98s
Epoch 72/100 | Loss: 0.1654 | Time: 24.32s
Epoch 73/100 | Loss: 0.1642 | Time: 24.11s
Epoch 74/100 | Loss: 0.1642 | Time: 24.31s
Epoch 75/100 | Loss: 0.1652 | Time: 24.15s
Epoch 76/100 | Loss: 0.1644 | Time: 24.48s
Epoch 77/100 | Loss: 0.1641 | Time: 24.10s
Epoch 78/100 | Loss: 0.1640 | Time: 24.13s
Epoch 79/100 | Loss: 0.1642 | Time: 24.48s
Epoch 80/100 | Loss: 0.1648 | Time: 24.15s

Exporting eval images for epoch 80
Exported samples for uniform into eval_runs/uniform_seed4/epoch_80/uniform
Exported samples for shifted_coarse into eval_runs/uniform_seed4/epoch_80/shifted_coarse
Exported samples for shifted_fine into eval_runs/uniform_seed4/epoch_80/shifted_fine
Exported samples for logit_normal into eval_runs/uniform_seed4/epoch_80/logit_normal
-----------------------------------------
Saved checkpoint to checkpoints/uniform_seed4_epoch_80.eqx
Epoch 81/100 | Loss: 0.1640 | Time: 24.28s
Epoch 82/100 | Loss: 0.1644 | Time: 24.15s
Epoch 83/100 | Loss: 0.1632 | Time: 24.27s
Epoch 84/100 | Loss: 0.1641 | Time: 24.14s
Epoch 85/100 | Loss: 0.1641 | Time: 24.39s
Epoch 86/100 | Loss: 0.1645 | Time: 24.13s
Epoch 87/100 | Loss: 0.1633 | Time: 24.17s
Epoch 88/100 | Loss: 0.1637 | Time: 24.45s
Epoch 89/100 | Loss: 0.1635 | Time: 24.15s
Epoch 90/100 | Loss: 0.1633 | Time: 24.35s

Exporting eval images for epoch 90
Exported samples for uniform into eval_runs/uniform_seed4/epoch_90/uniform
Exported samples for shifted_coarse into eval_runs/uniform_seed4/epoch_90/shifted_coarse
Exported samples for shifted_fine into eval_runs/uniform_seed4/epoch_90/shifted_fine
Exported samples for logit_normal into eval_runs/uniform_seed4/epoch_90/logit_normal
-----------------------------------------
Saved checkpoint to checkpoints/uniform_seed4_epoch_90.eqx
Epoch 91/100 | Loss: 0.1631 | Time: 24.01s
Epoch 92/100 | Loss: 0.1642 | Time: 24.30s
Epoch 93/100 | Loss: 0.1630 | Time: 23.99s
Epoch 94/100 | Loss: 0.1637 | Time: 24.35s
Epoch 95/100 | Loss: 0.1640 | Time: 24.10s
Epoch 96/100 | Loss: 0.1629 | Time: 24.15s
Epoch 97/100 | Loss: 0.1643 | Time: 24.32s
Epoch 98/100 | Loss: 0.1631 | Time: 24.14s
Epoch 99/100 | Loss: 0.1627 | Time: 24.45s
Epoch 100/100 | Loss: 0.1628 | Time: 24.26s

Exporting eval images for epoch 100
Exported samples for uniform into eval_runs/uniform_seed4/epoch_100/uniform
Exported samples for shifted_coarse into eval_runs/uniform_seed4/epoch_100/shifted_coarse
Exported samples for shifted_fine into eval_runs/uniform_seed4/epoch_100/shifted_fine
Exported samples for logit_normal into eval_runs/uniform_seed4/epoch_100/logit_normal
-----------------------------------------
Saved checkpoint to checkpoints/uniform_seed4_epoch_100.eqx

========================================
Array task 4 (uniform seed 4) complete.
Once ALL 10 array tasks finish, run evaluate_fid.py separately -- see
run_exp1_eval.sh (submit with --dependency=afterok:<this array job's ID>).
========================================
