cpu-bind=MASK - inspector-gadget.drl, task  0  0 [3854387]: mask 0xc000000000c set
========================================
Array task 1: train_dist=uniform seed=1
========================================
init model
load MNIST
WARNING: All log messages before absl::InitializeLog() is called are written to STDERR
I0000 00:00:1783926419.299132 3854399 port.cc:153] oneDNN custom operations are on. You may see slightly different numerical results due to floating-point round-off errors from different computation orders. To turn them off, set the environment variable `TF_ENABLE_ONEDNN_OPTS=0`.
WARNING: All log messages before absl::InitializeLog() is called are written to STDERR
I0000 00:00:1783926422.797067 3854399 port.cc:153] oneDNN custom operations are on. You may see slightly different numerical results due to floating-point round-off errors from different computation orders. To turn them off, set the environment variable `TF_ENABLE_ONEDNN_OPTS=0`.
training for 100 epochs using uniform distribution with conditioning=none
log training metrics to: logs/metrics/metrics_uniform_seed1.jsonl
Epoch 1/100 | Loss: 0.6221 | Time: 32.30s
Epoch 2/100 | Loss: 0.2038 | Time: 24.70s
Epoch 3/100 | Loss: 0.1964 | Time: 24.71s
Epoch 4/100 | Loss: 0.1917 | Time: 24.80s
Epoch 5/100 | Loss: 0.1891 | Time: 25.00s
Epoch 6/100 | Loss: 0.1872 | Time: 24.87s
Epoch 7/100 | Loss: 0.1849 | Time: 25.04s
Epoch 8/100 | Loss: 0.1825 | Time: 24.79s
Epoch 9/100 | Loss: 0.1852 | Time: 25.02s
Epoch 10/100 | Loss: 0.1809 | Time: 24.88s

Exporting eval images for epoch 10
Exported samples for uniform into eval_runs/uniform_seed1/epoch_10/uniform
Exported samples for shifted_coarse into eval_runs/uniform_seed1/epoch_10/shifted_coarse
Exported samples for shifted_fine into eval_runs/uniform_seed1/epoch_10/shifted_fine
Exported samples for logit_normal into eval_runs/uniform_seed1/epoch_10/logit_normal
-----------------------------------------
Saved checkpoint to checkpoints/uniform_seed1_epoch_10.eqx
Epoch 11/100 | Loss: 0.1800 | Time: 24.97s
Epoch 12/100 | Loss: 0.1790 | Time: 24.79s
Epoch 13/100 | Loss: 0.1789 | Time: 25.03s
Epoch 14/100 | Loss: 0.1809 | Time: 24.77s
Epoch 15/100 | Loss: 0.1767 | Time: 24.98s
Epoch 16/100 | Loss: 0.1762 | Time: 24.83s
Epoch 17/100 | Loss: 0.1761 | Time: 24.74s
Epoch 18/100 | Loss: 0.1754 | Time: 24.99s
Epoch 19/100 | Loss: 0.1745 | Time: 24.83s
Epoch 20/100 | Loss: 0.1742 | Time: 24.98s

Exporting eval images for epoch 20
Exported samples for uniform into eval_runs/uniform_seed1/epoch_20/uniform
Exported samples for shifted_coarse into eval_runs/uniform_seed1/epoch_20/shifted_coarse
Exported samples for shifted_fine into eval_runs/uniform_seed1/epoch_20/shifted_fine
Exported samples for logit_normal into eval_runs/uniform_seed1/epoch_20/logit_normal
-----------------------------------------
Saved checkpoint to checkpoints/uniform_seed1_epoch_20.eqx
Epoch 21/100 | Loss: 0.1757 | Time: 24.78s
Epoch 22/100 | Loss: 0.1734 | Time: 25.06s
Epoch 23/100 | Loss: 0.1724 | Time: 24.77s
Epoch 24/100 | Loss: 0.1729 | Time: 24.80s
Epoch 25/100 | Loss: 0.1719 | Time: 25.05s
Epoch 26/100 | Loss: 0.1725 | Time: 24.76s
Epoch 27/100 | Loss: 0.1708 | Time: 24.96s
Epoch 28/100 | Loss: 0.1725 | Time: 24.84s
Epoch 29/100 | Loss: 0.1701 | Time: 24.95s
Epoch 30/100 | Loss: 0.1706 | Time: 24.78s

Exporting eval images for epoch 30
Exported samples for uniform into eval_runs/uniform_seed1/epoch_30/uniform
Exported samples for shifted_coarse into eval_runs/uniform_seed1/epoch_30/shifted_coarse
Exported samples for shifted_fine into eval_runs/uniform_seed1/epoch_30/shifted_fine
Exported samples for logit_normal into eval_runs/uniform_seed1/epoch_30/logit_normal
-----------------------------------------
Saved checkpoint to checkpoints/uniform_seed1_epoch_30.eqx
Epoch 31/100 | Loss: 0.1703 | Time: 24.98s
Epoch 32/100 | Loss: 0.1700 | Time: 24.83s
Epoch 33/100 | Loss: 0.1698 | Time: 24.80s
Epoch 34/100 | Loss: 0.1698 | Time: 25.04s
Epoch 35/100 | Loss: 0.1697 | Time: 24.77s
Epoch 36/100 | Loss: 0.1693 | Time: 24.99s
Epoch 37/100 | Loss: 0.1689 | Time: 24.86s
Epoch 38/100 | Loss: 0.1682 | Time: 24.96s
Epoch 39/100 | Loss: 0.1686 | Time: 24.78s
Epoch 40/100 | Loss: 0.1687 | Time: 24.98s

Exporting eval images for epoch 40
Exported samples for uniform into eval_runs/uniform_seed1/epoch_40/uniform
Exported samples for shifted_coarse into eval_runs/uniform_seed1/epoch_40/shifted_coarse
Exported samples for shifted_fine into eval_runs/uniform_seed1/epoch_40/shifted_fine
Exported samples for logit_normal into eval_runs/uniform_seed1/epoch_40/logit_normal
-----------------------------------------
Saved checkpoint to checkpoints/uniform_seed1_epoch_40.eqx
Epoch 41/100 | Loss: 0.1687 | Time: 24.70s
Epoch 42/100 | Loss: 0.1679 | Time: 24.84s
Epoch 43/100 | Loss: 0.1672 | Time: 25.08s
Epoch 44/100 | Loss: 0.1670 | Time: 24.77s
Epoch 45/100 | Loss: 0.1673 | Time: 24.93s
Epoch 46/100 | Loss: 0.1672 | Time: 24.74s
Epoch 47/100 | Loss: 0.1677 | Time: 24.94s
Epoch 48/100 | Loss: 0.1670 | Time: 24.80s
Epoch 49/100 | Loss: 0.1664 | Time: 25.05s
Epoch 50/100 | Loss: 0.1672 | Time: 24.76s

Exporting eval images for epoch 50
Exported samples for uniform into eval_runs/uniform_seed1/epoch_50/uniform
Exported samples for shifted_coarse into eval_runs/uniform_seed1/epoch_50/shifted_coarse
Exported samples for shifted_fine into eval_runs/uniform_seed1/epoch_50/shifted_fine
Exported samples for logit_normal into eval_runs/uniform_seed1/epoch_50/logit_normal
-----------------------------------------
Saved checkpoint to checkpoints/uniform_seed1_epoch_50.eqx
Epoch 51/100 | Loss: 0.1672 | Time: 24.81s
Epoch 52/100 | Loss: 0.1658 | Time: 25.04s
Epoch 53/100 | Loss: 0.1663 | Time: 24.77s
Epoch 54/100 | Loss: 0.1671 | Time: 24.99s
Epoch 55/100 | Loss: 0.1684 | Time: 24.83s
Epoch 56/100 | Loss: 0.1653 | Time: 24.94s
Epoch 57/100 | Loss: 0.1658 | Time: 24.81s
Epoch 58/100 | Loss: 0.1659 | Time: 25.05s
Epoch 59/100 | Loss: 0.1653 | Time: 24.77s
Epoch 60/100 | Loss: 0.1655 | Time: 24.81s

Exporting eval images for epoch 60
Exported samples for uniform into eval_runs/uniform_seed1/epoch_60/uniform
Exported samples for shifted_coarse into eval_runs/uniform_seed1/epoch_60/shifted_coarse
Exported samples for shifted_fine into eval_runs/uniform_seed1/epoch_60/shifted_fine
Exported samples for logit_normal into eval_runs/uniform_seed1/epoch_60/logit_normal
-----------------------------------------
Saved checkpoint to checkpoints/uniform_seed1_epoch_60.eqx
Epoch 61/100 | Loss: 0.1661 | Time: 25.02s
Epoch 62/100 | Loss: 0.1652 | Time: 24.75s
Epoch 63/100 | Loss: 0.1653 | Time: 25.00s
Epoch 64/100 | Loss: 0.1647 | Time: 24.81s
Epoch 65/100 | Loss: 0.1652 | Time: 24.97s
Epoch 66/100 | Loss: 0.1650 | Time: 24.80s
Epoch 67/100 | Loss: 0.1648 | Time: 25.01s
Epoch 68/100 | Loss: 0.1651 | Time: 24.79s
Epoch 69/100 | Loss: 0.1653 | Time: 24.81s
Epoch 70/100 | Loss: 0.1651 | Time: 25.06s

Exporting eval images for epoch 70
Exported samples for uniform into eval_runs/uniform_seed1/epoch_70/uniform
Exported samples for shifted_coarse into eval_runs/uniform_seed1/epoch_70/shifted_coarse
Exported samples for shifted_fine into eval_runs/uniform_seed1/epoch_70/shifted_fine
Exported samples for logit_normal into eval_runs/uniform_seed1/epoch_70/logit_normal
-----------------------------------------
Saved checkpoint to checkpoints/uniform_seed1_epoch_70.eqx
Epoch 71/100 | Loss: 0.1654 | Time: 24.74s
Epoch 72/100 | Loss: 0.1644 | Time: 25.04s
Epoch 73/100 | Loss: 0.1637 | Time: 24.87s
Epoch 74/100 | Loss: 0.1638 | Time: 24.97s
Epoch 75/100 | Loss: 0.1639 | Time: 24.79s
Epoch 76/100 | Loss: 0.1645 | Time: 25.04s
Epoch 77/100 | Loss: 0.1644 | Time: 24.79s
Epoch 78/100 | Loss: 0.1652 | Time: 24.81s
Epoch 79/100 | Loss: 0.1645 | Time: 25.00s
Epoch 80/100 | Loss: 0.1637 | Time: 24.73s

Exporting eval images for epoch 80
Exported samples for uniform into eval_runs/uniform_seed1/epoch_80/uniform
Exported samples for shifted_coarse into eval_runs/uniform_seed1/epoch_80/shifted_coarse
Exported samples for shifted_fine into eval_runs/uniform_seed1/epoch_80/shifted_fine
Exported samples for logit_normal into eval_runs/uniform_seed1/epoch_80/logit_normal
-----------------------------------------
Saved checkpoint to checkpoints/uniform_seed1_epoch_80.eqx
Epoch 81/100 | Loss: 0.1639 | Time: 24.99s
Epoch 82/100 | Loss: 0.1638 | Time: 24.87s
Epoch 83/100 | Loss: 0.1637 | Time: 24.98s
Epoch 84/100 | Loss: 0.1642 | Time: 24.82s
Epoch 85/100 | Loss: 0.1639 | Time: 24.85s
Epoch 86/100 | Loss: 0.1634 | Time: 24.97s
Epoch 87/100 | Loss: 0.1639 | Time: 24.80s
Epoch 88/100 | Loss: 0.1640 | Time: 25.04s
Epoch 89/100 | Loss: 0.1653 | Time: 24.77s
Epoch 90/100 | Loss: 0.1632 | Time: 24.99s

Exporting eval images for epoch 90
Exported samples for uniform into eval_runs/uniform_seed1/epoch_90/uniform
Exported samples for shifted_coarse into eval_runs/uniform_seed1/epoch_90/shifted_coarse
Exported samples for shifted_fine into eval_runs/uniform_seed1/epoch_90/shifted_fine
Exported samples for logit_normal into eval_runs/uniform_seed1/epoch_90/logit_normal
-----------------------------------------
Saved checkpoint to checkpoints/uniform_seed1_epoch_90.eqx
Epoch 91/100 | Loss: 0.1625 | Time: 24.83s
Epoch 92/100 | Loss: 0.1627 | Time: 24.98s
Epoch 93/100 | Loss: 0.1633 | Time: 24.81s
Epoch 94/100 | Loss: 0.1634 | Time: 24.81s
Epoch 95/100 | Loss: 0.1633 | Time: 24.97s
Epoch 96/100 | Loss: 0.1631 | Time: 24.78s
Epoch 97/100 | Loss: 0.1639 | Time: 25.00s
Epoch 98/100 | Loss: 0.1633 | Time: 24.74s
Epoch 99/100 | Loss: 0.1630 | Time: 24.98s
Epoch 100/100 | Loss: 0.1635 | Time: 24.81s

Exporting eval images for epoch 100
Exported samples for uniform into eval_runs/uniform_seed1/epoch_100/uniform
Exported samples for shifted_coarse into eval_runs/uniform_seed1/epoch_100/shifted_coarse
Exported samples for shifted_fine into eval_runs/uniform_seed1/epoch_100/shifted_fine
Exported samples for logit_normal into eval_runs/uniform_seed1/epoch_100/logit_normal
-----------------------------------------
Saved checkpoint to checkpoints/uniform_seed1_epoch_100.eqx

========================================
Array task 1 (uniform seed 1) complete.
Once ALL 10 array tasks finish, run evaluate_fid.py separately -- see
run_exp1_eval.sh (submit with --dependency=afterok:<this array job's ID>).
========================================
