cpu-bind=MASK - isola-2080ti-2, task  0  0 [2029811]: mask 0xc0000c0 set
========================================
Array task 9: train_dist=logit_normal seed=4
========================================
init model
load MNIST
training for 100 epochs using logit_normal distribution with conditioning=none
log training metrics to: logs/metrics/metrics_logit_normal_mu_0.0_sigma_1.0_seed4.jsonl
Epoch 1/100 | Loss: 0.3558 | Time: 38.05s
Epoch 2/100 | Loss: 0.1852 | Time: 24.44s
Epoch 3/100 | Loss: 0.1790 | Time: 24.32s
Epoch 4/100 | Loss: 0.1748 | Time: 24.42s
Epoch 5/100 | Loss: 0.1715 | Time: 24.67s
Epoch 6/100 | Loss: 0.1694 | Time: 24.41s
Epoch 7/100 | Loss: 0.1682 | Time: 24.74s
Epoch 8/100 | Loss: 0.1666 | Time: 24.43s
Epoch 9/100 | Loss: 0.1654 | Time: 24.70s
Epoch 10/100 | Loss: 0.1633 | Time: 24.50s

Exporting eval images for epoch 10
Exported samples for uniform into eval_runs/logit_normal_mu_0.0_sigma_1.0_seed4/epoch_10/uniform
Exported samples for shifted_coarse into eval_runs/logit_normal_mu_0.0_sigma_1.0_seed4/epoch_10/shifted_coarse
Exported samples for shifted_fine into eval_runs/logit_normal_mu_0.0_sigma_1.0_seed4/epoch_10/shifted_fine
Exported samples for logit_normal into eval_runs/logit_normal_mu_0.0_sigma_1.0_seed4/epoch_10/logit_normal
-----------------------------------------
Saved checkpoint to checkpoints/logit_normal_mu_0.0_sigma_1.0_seed4_epoch_10.eqx
Epoch 11/100 | Loss: 0.1626 | Time: 24.48s
Epoch 12/100 | Loss: 0.1613 | Time: 24.32s
Epoch 13/100 | Loss: 0.1608 | Time: 24.68s
Epoch 14/100 | Loss: 0.1604 | Time: 24.36s
Epoch 15/100 | Loss: 0.1597 | Time: 24.67s
Epoch 16/100 | Loss: 0.1587 | Time: 24.44s
Epoch 17/100 | Loss: 0.1574 | Time: 24.44s
Epoch 18/100 | Loss: 0.1576 | Time: 24.69s
Epoch 19/100 | Loss: 0.1569 | Time: 24.50s
Epoch 20/100 | Loss: 0.1563 | Time: 24.43s

Exporting eval images for epoch 20
Exported samples for uniform into eval_runs/logit_normal_mu_0.0_sigma_1.0_seed4/epoch_20/uniform
Exported samples for shifted_coarse into eval_runs/logit_normal_mu_0.0_sigma_1.0_seed4/epoch_20/shifted_coarse
Exported samples for shifted_fine into eval_runs/logit_normal_mu_0.0_sigma_1.0_seed4/epoch_20/shifted_fine
Exported samples for logit_normal into eval_runs/logit_normal_mu_0.0_sigma_1.0_seed4/epoch_20/logit_normal
-----------------------------------------
Saved checkpoint to checkpoints/logit_normal_mu_0.0_sigma_1.0_seed4_epoch_20.eqx
Epoch 21/100 | Loss: 0.1558 | Time: 24.21s
Epoch 22/100 | Loss: 0.1554 | Time: 24.63s
Epoch 23/100 | Loss: 0.1551 | Time: 24.38s
Epoch 24/100 | Loss: 0.1549 | Time: 24.38s
Epoch 25/100 | Loss: 0.1549 | Time: 24.72s
Epoch 26/100 | Loss: 0.1547 | Time: 24.40s
Epoch 27/100 | Loss: 0.1533 | Time: 24.66s
Epoch 28/100 | Loss: 0.1536 | Time: 24.50s
Epoch 29/100 | Loss: 0.1530 | Time: 24.71s
Epoch 30/100 | Loss: 0.1525 | Time: 24.13s

Exporting eval images for epoch 30
Exported samples for uniform into eval_runs/logit_normal_mu_0.0_sigma_1.0_seed4/epoch_30/uniform
Exported samples for shifted_coarse into eval_runs/logit_normal_mu_0.0_sigma_1.0_seed4/epoch_30/shifted_coarse
Exported samples for shifted_fine into eval_runs/logit_normal_mu_0.0_sigma_1.0_seed4/epoch_30/shifted_fine
Exported samples for logit_normal into eval_runs/logit_normal_mu_0.0_sigma_1.0_seed4/epoch_30/logit_normal
-----------------------------------------
Saved checkpoint to checkpoints/logit_normal_mu_0.0_sigma_1.0_seed4_epoch_30.eqx
Epoch 31/100 | Loss: 0.1532 | Time: 24.53s
Epoch 32/100 | Loss: 0.1528 | Time: 24.26s
Epoch 33/100 | Loss: 0.1524 | Time: 24.36s
Epoch 34/100 | Loss: 0.1521 | Time: 24.61s
Epoch 35/100 | Loss: 0.1516 | Time: 24.35s
Epoch 36/100 | Loss: 0.1526 | Time: 24.67s
Epoch 37/100 | Loss: 0.1526 | Time: 24.45s
Epoch 38/100 | Loss: 0.1514 | Time: 24.64s
Epoch 39/100 | Loss: 0.1510 | Time: 24.31s
Epoch 40/100 | Loss: 0.1516 | Time: 24.15s

Exporting eval images for epoch 40
Exported samples for uniform into eval_runs/logit_normal_mu_0.0_sigma_1.0_seed4/epoch_40/uniform
Exported samples for shifted_coarse into eval_runs/logit_normal_mu_0.0_sigma_1.0_seed4/epoch_40/shifted_coarse
Exported samples for shifted_fine into eval_runs/logit_normal_mu_0.0_sigma_1.0_seed4/epoch_40/shifted_fine
Exported samples for logit_normal into eval_runs/logit_normal_mu_0.0_sigma_1.0_seed4/epoch_40/logit_normal
-----------------------------------------
Saved checkpoint to checkpoints/logit_normal_mu_0.0_sigma_1.0_seed4_epoch_40.eqx
Epoch 41/100 | Loss: 0.1512 | Time: 24.50s
Epoch 42/100 | Loss: 0.1508 | Time: 24.27s
Epoch 43/100 | Loss: 0.1513 | Time: 24.69s
Epoch 44/100 | Loss: 0.1505 | Time: 24.42s
Epoch 45/100 | Loss: 0.1501 | Time: 24.70s
Epoch 46/100 | Loss: 0.1500 | Time: 24.54s
Epoch 47/100 | Loss: 0.1502 | Time: 24.65s
Epoch 48/100 | Loss: 0.1504 | Time: 24.45s
Epoch 49/100 | Loss: 0.1499 | Time: 24.52s
Epoch 50/100 | Loss: 0.1501 | Time: 24.25s

Exporting eval images for epoch 50
Exported samples for uniform into eval_runs/logit_normal_mu_0.0_sigma_1.0_seed4/epoch_50/uniform
Exported samples for shifted_coarse into eval_runs/logit_normal_mu_0.0_sigma_1.0_seed4/epoch_50/shifted_coarse
Exported samples for shifted_fine into eval_runs/logit_normal_mu_0.0_sigma_1.0_seed4/epoch_50/shifted_fine
Exported samples for logit_normal into eval_runs/logit_normal_mu_0.0_sigma_1.0_seed4/epoch_50/logit_normal
-----------------------------------------
Saved checkpoint to checkpoints/logit_normal_mu_0.0_sigma_1.0_seed4_epoch_50.eqx
Epoch 51/100 | Loss: 0.1493 | Time: 24.23s
Epoch 52/100 | Loss: 0.1498 | Time: 24.65s
Epoch 53/100 | Loss: 0.1500 | Time: 24.36s
Epoch 54/100 | Loss: 0.1495 | Time: 24.69s
Epoch 55/100 | Loss: 0.1494 | Time: 24.47s
Epoch 56/100 | Loss: 0.1494 | Time: 24.40s
Epoch 57/100 | Loss: 0.1492 | Time: 24.71s
Epoch 58/100 | Loss: 0.1489 | Time: 24.48s
Epoch 59/100 | Loss: 0.1492 | Time: 24.65s
Epoch 60/100 | Loss: 0.1494 | Time: 23.94s

Exporting eval images for epoch 60
Exported samples for uniform into eval_runs/logit_normal_mu_0.0_sigma_1.0_seed4/epoch_60/uniform
Exported samples for shifted_coarse into eval_runs/logit_normal_mu_0.0_sigma_1.0_seed4/epoch_60/shifted_coarse
Exported samples for shifted_fine into eval_runs/logit_normal_mu_0.0_sigma_1.0_seed4/epoch_60/shifted_fine
Exported samples for logit_normal into eval_runs/logit_normal_mu_0.0_sigma_1.0_seed4/epoch_60/logit_normal
-----------------------------------------
Saved checkpoint to checkpoints/logit_normal_mu_0.0_sigma_1.0_seed4_epoch_60.eqx
Epoch 61/100 | Loss: 0.1484 | Time: 24.54s
Epoch 62/100 | Loss: 0.1487 | Time: 24.30s
Epoch 63/100 | Loss: 0.1485 | Time: 24.64s
Epoch 64/100 | Loss: 0.1486 | Time: 24.46s
Epoch 65/100 | Loss: 0.1490 | Time: 24.42s
Epoch 66/100 | Loss: 0.1489 | Time: 24.65s
Epoch 67/100 | Loss: 0.1485 | Time: 24.50s
Epoch 68/100 | Loss: 0.1483 | Time: 24.66s
Epoch 69/100 | Loss: 0.1482 | Time: 24.40s
Epoch 70/100 | Loss: 0.1484 | Time: 24.22s

Exporting eval images for epoch 70
Exported samples for uniform into eval_runs/logit_normal_mu_0.0_sigma_1.0_seed4/epoch_70/uniform
Exported samples for shifted_coarse into eval_runs/logit_normal_mu_0.0_sigma_1.0_seed4/epoch_70/shifted_coarse
Exported samples for shifted_fine into eval_runs/logit_normal_mu_0.0_sigma_1.0_seed4/epoch_70/shifted_fine
Exported samples for logit_normal into eval_runs/logit_normal_mu_0.0_sigma_1.0_seed4/epoch_70/logit_normal
-----------------------------------------
Saved checkpoint to checkpoints/logit_normal_mu_0.0_sigma_1.0_seed4_epoch_70.eqx
Epoch 71/100 | Loss: 0.1481 | Time: 24.18s
Epoch 72/100 | Loss: 0.1478 | Time: 24.30s
Epoch 73/100 | Loss: 0.1480 | Time: 24.68s
Epoch 74/100 | Loss: 0.1474 | Time: 24.40s
Epoch 75/100 | Loss: 0.1483 | Time: 24.69s
Epoch 76/100 | Loss: 0.1478 | Time: 24.50s
Epoch 77/100 | Loss: 0.1478 | Time: 24.66s
Epoch 78/100 | Loss: 0.1477 | Time: 24.46s
Epoch 79/100 | Loss: 0.1474 | Time: 24.58s
Epoch 80/100 | Loss: 0.1477 | Time: 23.90s

Exporting eval images for epoch 80
Exported samples for uniform into eval_runs/logit_normal_mu_0.0_sigma_1.0_seed4/epoch_80/uniform
Exported samples for shifted_coarse into eval_runs/logit_normal_mu_0.0_sigma_1.0_seed4/epoch_80/shifted_coarse
Exported samples for shifted_fine into eval_runs/logit_normal_mu_0.0_sigma_1.0_seed4/epoch_80/shifted_fine
Exported samples for logit_normal into eval_runs/logit_normal_mu_0.0_sigma_1.0_seed4/epoch_80/logit_normal
-----------------------------------------
Saved checkpoint to checkpoints/logit_normal_mu_0.0_sigma_1.0_seed4_epoch_80.eqx
Epoch 81/100 | Loss: 0.1479 | Time: 24.25s
Epoch 82/100 | Loss: 0.1474 | Time: 24.67s
Epoch 83/100 | Loss: 0.1472 | Time: 24.36s
Epoch 84/100 | Loss: 0.1471 | Time: 24.65s
Epoch 85/100 | Loss: 0.1475 | Time: 24.47s
Epoch 86/100 | Loss: 0.1479 | Time: 24.67s
Epoch 87/100 | Loss: 0.1469 | Time: 24.47s
Epoch 88/100 | Loss: 0.1471 | Time: 24.52s
Epoch 89/100 | Loss: 0.1467 | Time: 24.48s
Epoch 90/100 | Loss: 0.1468 | Time: 23.92s

Exporting eval images for epoch 90
Exported samples for uniform into eval_runs/logit_normal_mu_0.0_sigma_1.0_seed4/epoch_90/uniform
Exported samples for shifted_coarse into eval_runs/logit_normal_mu_0.0_sigma_1.0_seed4/epoch_90/shifted_coarse
Exported samples for shifted_fine into eval_runs/logit_normal_mu_0.0_sigma_1.0_seed4/epoch_90/shifted_fine
Exported samples for logit_normal into eval_runs/logit_normal_mu_0.0_sigma_1.0_seed4/epoch_90/logit_normal
-----------------------------------------
Saved checkpoint to checkpoints/logit_normal_mu_0.0_sigma_1.0_seed4_epoch_90.eqx
Epoch 91/100 | Loss: 0.1466 | Time: 24.54s
Epoch 92/100 | Loss: 0.1470 | Time: 24.23s
Epoch 93/100 | Loss: 0.1466 | Time: 24.55s
Epoch 94/100 | Loss: 0.1470 | Time: 24.40s
Epoch 95/100 | Loss: 0.1472 | Time: 24.55s
Epoch 96/100 | Loss: 0.1466 | Time: 24.33s
Epoch 97/100 | Loss: 0.1466 | Time: 24.50s
Epoch 98/100 | Loss: 0.1464 | Time: 24.68s
Epoch 99/100 | Loss: 0.1463 | Time: 24.22s
Epoch 100/100 | Loss: 0.1462 | Time: 24.19s

Exporting eval images for epoch 100
Exported samples for uniform into eval_runs/logit_normal_mu_0.0_sigma_1.0_seed4/epoch_100/uniform
Exported samples for shifted_coarse into eval_runs/logit_normal_mu_0.0_sigma_1.0_seed4/epoch_100/shifted_coarse
Exported samples for shifted_fine into eval_runs/logit_normal_mu_0.0_sigma_1.0_seed4/epoch_100/shifted_fine
Exported samples for logit_normal into eval_runs/logit_normal_mu_0.0_sigma_1.0_seed4/epoch_100/logit_normal
-----------------------------------------
Saved checkpoint to checkpoints/logit_normal_mu_0.0_sigma_1.0_seed4_epoch_100.eqx

========================================
Array task 9 (logit_normal seed 4) complete.
Once ALL 10 array tasks finish, run evaluate_fid.py separately -- see
run_exp1_eval.sh (submit with --dependency=afterok:<this array job's ID>).
========================================
